1726923092904	geckodriver	INFO	Listening on 127.0.0.1:57236
1726923095966	mozrunner::runner	INFO	Running command: "C:\\Program Files\\Mozilla Firefox\\firefox.exe" "--marionette" "--remote-debugging-port" "57237" "--remote-allow-hosts" "localhost" "-no-remote" "-profile" "C:\\Users\\pingu\\AppData\\Local\\Temp\\rust_mozprofileJwZOUW"
console.warn: services.settings: Ignoring preference override of remote settings server
console.warn: services.settings: Allow by setting MOZ_REMOTE_SETTINGS_DEVTOOLS=1 in the environment
Dynamically enable window occlusion 0
1726923096262	Marionette	INFO	Marionette enabled
1726923096398	Marionette	INFO	Listening on port 57244
WebDriver BiDi listening on ws://127.0.0.1:57237
Read port: 57244
1726923096540	RemoteAgent	WARN	TLS certificate errors will be ignored for this session
DevTools listening on ws://127.0.0.1:57237/devtools/browser/bdaf46f1-22c1-428a-bc4f-6cfea39d6499
console.warn: LoginRecipes: "Falling back to a synchronous message for: http://localhost:9990."
console.warn: LoginRecipes: "Falling back to a synchronous message for: http://localhost:9990."
1726923101078	Marionette	INFO	Stopped listening on port 57244
JavaScript warning: http://localhost:9990/build/admin/admin-entry.js, line 17557: Script terminated by timeout at:
id@http://localhost:9990/build/admin/admin-entry.js:17557:61
initialize@http://localhost:9990/build/admin/admin-entry.js:17480:27
./node_modules/semantic-ui-css/components/dropdown.js/$.fn.dropdown/<@http://localhost:9990/build/admin/admin-entry.js:21055:16
each@http://localhost:9990/build/admin/admin-entry.js:3329:19
each@http://localhost:9990/build/admin/admin-entry.js:3151:17
./node_modules/semantic-ui-css/components/dropdown.js/$.fn.dropdown@http://localhost:9990/build/admin/admin-entry.js:17408:6
./vendor/sylius/sylius/src/Sylius/Bundle/UiBundle/Resources/private/js/app.js/<@http://localhost:9990/build/admin/admin-entry.js:1566:71
mightThrow@http://localhost:9990/build/admin/admin-entry.js:6425:29
./node_modules/jquery/dist/jquery.js/</Deferred/then/resolve/</process<@http://localhost:9990/build/admin/admin-entry.js:6493:12

JavaScript error: http://localhost:9990/build/admin/admin-entry.js, line 989: NS_ERROR_FAILURE: 
Dynamically enable window occlusion 1
