1726923892702	geckodriver	INFO	Listening on 127.0.0.1:57837
1726923895780	mozrunner::runner	INFO	Running command: "C:\\Program Files\\Mozilla Firefox\\firefox.exe" "--marionette" "--remote-debugging-port" "57838" "--remote-allow-hosts" "localhost" "-no-remote" "-profile" "C:\\Users\\pingu\\AppData\\Local\\Temp\\rust_mozprofileOQxVQL"
console.warn: services.settings: Ignoring preference override of remote settings server
console.warn: services.settings: Allow by setting MOZ_REMOTE_SETTINGS_DEVTOOLS=1 in the environment
Dynamically enable window occlusion 0
1726923896075	Marionette	INFO	Marionette enabled
1726923896214	Marionette	INFO	Listening on port 57845
WebDriver BiDi listening on ws://127.0.0.1:57838
Read port: 57845
1726923896357	RemoteAgent	WARN	TLS certificate errors will be ignored for this session
DevTools listening on ws://127.0.0.1:57838/devtools/browser/fc170684-33ce-4e91-9056-0cc629e5c4c1
console.warn: LoginRecipes: "Falling back to a synchronous message for: http://localhost:9990."
console.warn: LoginRecipes: "Falling back to a synchronous message for: http://localhost:9990."
1726923900775	Marionette	INFO	Stopped listening on port 57845
JavaScript warning: http://localhost:9990/build/admin/admin-entry.js, line 5421: Script terminated by timeout at:
superMatcher@http://localhost:9990/build/admin/admin-entry.js:5421:16
select@http://localhost:9990/build/admin/admin-entry.js:5610:44
find@http://localhost:9990/build/admin/admin-entry.js:3880:9
find@http://localhost:9990/build/admin/admin-entry.js:5758:11
./node_modules/semantic-ui-css/components/dropdown.js/$.fn.dropdown/<@http://localhost:9990/build/admin/admin-entry.js:17433:35
each@http://localhost:9990/build/admin/admin-entry.js:3329:19
each@http://localhost:9990/build/admin/admin-entry.js:3151:17
./node_modules/semantic-ui-css/components/dropdown.js/$.fn.dropdown@http://localhost:9990/build/admin/admin-entry.js:17408:6
./vendor/sylius/sylius/src/Sylius/Bundle/UiBundle/Resources/private/js/app.js/<@http://localhost:9990/build/admin/admin-entry.js:1566:71
mightThrow@http://localhost:9990/build/admin/admin-entry.js:6425:29
./node_modules/jquery/dist/jquery.js/</Deferred/then/resolve/</process<@http://localhost:9990/build/admin/admin-entry.js:6493:12

JavaScript error: http://localhost:9990/build/admin/admin-entry.js, line 989: NS_ERROR_FAILURE: 
Dynamically enable window occlusion 1
