1726926595149	geckodriver	INFO	Listening on 127.0.0.1:60530
1726926598213	mozrunner::runner	INFO	Running command: "C:\\Program Files\\Mozilla Firefox\\firefox.exe" "--marionette" "--remote-debugging-port" "60531" "--remote-allow-hosts" "localhost" "-no-remote" "-profile" "C:\\Users\\pingu\\AppData\\Local\\Temp\\rust_mozprofileZqdbxT"
console.warn: services.settings: Ignoring preference override of remote settings server
console.warn: services.settings: Allow by setting MOZ_REMOTE_SETTINGS_DEVTOOLS=1 in the environment
Dynamically enable window occlusion 0
1726926598581	Marionette	INFO	Marionette enabled
1726926598775	Marionette	INFO	Listening on port 60539
WebDriver BiDi listening on ws://127.0.0.1:60531
Read port: 60539
1726926599029	RemoteAgent	WARN	TLS certificate errors will be ignored for this session
DevTools listening on ws://127.0.0.1:60531/devtools/browser/ced8598d-b1c7-416b-8766-5860fdd99702
console.warn: LoginRecipes: "Falling back to a synchronous message for: http://localhost:9990."
console.warn: LoginRecipes: "Falling back to a synchronous message for: http://localhost:9990."
1726926605264	Marionette	INFO	Stopped listening on port 60539
JavaScript warning: http://localhost:9990/build/admin/admin-entry.js, line 5610: Script terminated by timeout at:
select@http://localhost:9990/build/admin/admin-entry.js:5610:44
find@http://localhost:9990/build/admin/admin-entry.js:3880:9
./node_modules/jquery/dist/jquery.js/</find.matches@http://localhost:9990/build/admin/admin-entry.js:4354:9
./node_modules/jquery/dist/jquery.js/</jQuery.filter@http://localhost:9990/build/admin/admin-entry.js:5734:21
./node_modules/jquery/dist/jquery.js/</</jQuery.fn[name]@http://localhost:9990/build/admin/admin-entry.js:6062:21
./node_modules/semantic-ui-css/components/dropdown.js/$.fn.dropdown/<@http://localhost:9990/build/admin/admin-entry.js:17440:35
each@http://localhost:9990/build/admin/admin-entry.js:3329:19
each@http://localhost:9990/build/admin/admin-entry.js:3151:17
./node_modules/semantic-ui-css/components/dropdown.js/$.fn.dropdown@http://localhost:9990/build/admin/admin-entry.js:17408:6
./vendor/sylius/sylius/src/Sylius/Bundle/UiBundle/Resources/private/js/app.js/<@http://localhost:9990/build/admin/admin-entry.js:1566:71
mightThrow@http://localhost:9990/build/admin/admin-entry.js:6425:29
./node_modules/jquery/dist/jquery.js/</Deferred/then/resolve/</process<@http://localhost:9990/build/admin/admin-entry.js:6493:12

JavaScript error: http://localhost:9990/build/admin/admin-entry.js, line 989: NS_ERROR_FAILURE: 
Dynamically enable window occlusion 1
