1726926087775	geckodriver	INFO	Listening on 127.0.0.1:59801
1726926090823	mozrunner::runner	INFO	Running command: "C:\\Program Files\\Mozilla Firefox\\firefox.exe" "--marionette" "--remote-debugging-port" "59802" "--remote-allow-hosts" "localhost" "-no-remote" "-profile" "C:\\Users\\pingu\\AppData\\Local\\Temp\\rust_mozprofileceWb3D"
console.warn: services.settings: Ignoring preference override of remote settings server
console.warn: services.settings: Allow by setting MOZ_REMOTE_SETTINGS_DEVTOOLS=1 in the environment
Dynamically enable window occlusion 0
1726926091119	Marionette	INFO	Marionette enabled
1726926091256	Marionette	INFO	Listening on port 59809
WebDriver BiDi listening on ws://127.0.0.1:59802
Read port: 59809
1726926091423	RemoteAgent	WARN	TLS certificate errors will be ignored for this session
DevTools listening on ws://127.0.0.1:59802/devtools/browser/ac4fd581-68bc-4d0f-9d96-3c415ba3ac90
console.warn: LoginRecipes: "Falling back to a synchronous message for: http://localhost:9990."
console.warn: LoginRecipes: "Falling back to a synchronous message for: http://localhost:9990."
1726926095739	Marionette	INFO	Stopped listening on port 59809
JavaScript warning: http://localhost:9990/build/admin/admin-entry.js, line 51417: Script terminated by timeout at:
_resolveWithPrefixes@http://localhost:9990/build/admin/admin-entry.js:51417:24
./node_modules/chart.js/dist/chunks/helpers.segment.mjs/_createResolver/get/<@http://localhost:9990/build/admin/admin-entry.js:51232:35
_cached@http://localhost:9990/build/admin/admin-entry.js:51313:17
get@http://localhost:9990/build/admin/admin-entry.js:51231:14
_descriptors@http://localhost:9990/build/admin/admin-entry.js:51297:109
_attachContext@http://localhost:9990/build/admin/admin-entry.js:51261:19
createResolver@http://localhost:9990/build/admin/admin-entry.js:43938:72
Chart@http://localhost:9990/build/admin/admin-entry.js:44049:28
drawChart@http://localhost:9990/build/admin/admin-entry.js:469:10
init@http://localhost:9990/build/admin/admin-entry.js:1221:75
StatisticsComponent@http://localhost:9990/build/admin/admin-entry.js:1207:10
./vendor/sylius/sylius/src/Sylius/Bundle/AdminBundle/Resources/private/js/app.js/<@http://localhost:9990/build/admin/admin-entry.js:155:31
mightThrow@http://localhost:9990/build/admin/admin-entry.js:6425:29
./node_modules/jquery/dist/jquery.js/</Deferred/then/resolve/</process<@http://localhost:9990/build/admin/admin-entry.js:6493:12

Dynamically enable window occlusion 1
