1726923908023	geckodriver	INFO	Listening on 127.0.0.1:57884
1726923911048	mozrunner::runner	INFO	Running command: "C:\\Program Files\\Mozilla Firefox\\firefox.exe" "--marionette" "--remote-debugging-port" "57885" "--remote-allow-hosts" "localhost" "-no-remote" "-profile" "C:\\Users\\pingu\\AppData\\Local\\Temp\\rust_mozprofileHqQsLh"
console.warn: services.settings: Ignoring preference override of remote settings server
console.warn: services.settings: Allow by setting MOZ_REMOTE_SETTINGS_DEVTOOLS=1 in the environment
Dynamically enable window occlusion 0
1726923911379	Marionette	INFO	Marionette enabled
1726923911545	Marionette	INFO	Listening on port 57892
Read port: 57892
WebDriver BiDi listening on ws://127.0.0.1:57885
1726923911616	RemoteAgent	WARN	TLS certificate errors will be ignored for this session
DevTools listening on ws://127.0.0.1:57885/devtools/browser/6b703ffc-0101-4899-a17f-81222666dc15
console.warn: LoginRecipes: "Falling back to a synchronous message for: http://localhost:9990."
console.warn: LoginRecipes: "Falling back to a synchronous message for: http://localhost:9990."
1726923919494	Marionette	INFO	Stopped listening on port 57892
JavaScript warning: http://localhost:9990/build/admin/admin-entry.js, line 7218: Script terminated by timeout at:
./node_modules/jquery/dist/jquery.js/</data/</<@http://localhost:9990/build/admin/admin-entry.js:7218:14
each@http://localhost:9990/build/admin/admin-entry.js:3329:19
each@http://localhost:9990/build/admin/admin-entry.js:3151:17
./node_modules/jquery/dist/jquery.js/</data/<@http://localhost:9990/build/admin/admin-entry.js:7215:9
access@http://localhost:9990/build/admin/admin-entry.js:6841:8
data@http://localhost:9990/build/admin/admin-entry.js:7186:10
instantiate@http://localhost:9990/build/admin/admin-entry.js:17493:14
initialize@http://localhost:9990/build/admin/admin-entry.js:17484:20
./node_modules/semantic-ui-css/components/dropdown.js/$.fn.dropdown/<@http://localhost:9990/build/admin/admin-entry.js:21055:16
each@http://localhost:9990/build/admin/admin-entry.js:3329:19
each@http://localhost:9990/build/admin/admin-entry.js:3151:17
./node_modules/semantic-ui-css/components/dropdown.js/$.fn.dropdown@http://localhost:9990/build/admin/admin-entry.js:17408:6
./vendor/sylius/sylius/src/Sylius/Bundle/UiBundle/Resources/private/js/app.js/<@http://localhost:9990/build/admin/admin-entry.js:1566:71
mightThrow@http://localhost:9990/build/admin/admin-entry.js:6425:29
./node_modules/jquery/dist/jquery.js/</Deferred/then/resolve/</process<@http://localhost:9990/build/admin/admin-entry.js:6493:12

Dynamically enable window occlusion 1
