1726921542409	geckodriver	INFO	Listening on 127.0.0.1:56850
1726921545468	mozrunner::runner	INFO	Running command: "C:\\Program Files\\Mozilla Firefox\\firefox.exe" "--marionette" "--remote-debugging-port" "56851" "--remote-allow-hosts" "localhost" "-no-remote" "-profile" "C:\\Users\\pingu\\AppData\\Local\\Temp\\rust_mozprofileMq1Ga7"
console.warn: services.settings: Ignoring preference override of remote settings server
console.warn: services.settings: Allow by setting MOZ_REMOTE_SETTINGS_DEVTOOLS=1 in the environment
Dynamically enable window occlusion 0
1726921545797	Marionette	INFO	Marionette enabled
1726921545939	Marionette	INFO	Listening on port 56858
WebDriver BiDi listening on ws://127.0.0.1:56851
Read port: 56858
1726921546098	RemoteAgent	WARN	TLS certificate errors will be ignored for this session
DevTools listening on ws://127.0.0.1:56851/devtools/browser/2713d6d7-0e2e-4824-844e-37251fb58676
console.warn: LoginRecipes: "Falling back to a synchronous message for: http://localhost:9990."
console.warn: LoginRecipes: "Falling back to a synchronous message for: http://localhost:9990."
1726921550501	Marionette	INFO	Stopped listening on port 56858
JavaScript warning: http://localhost:9990/build/admin/admin-entry.js, line 3234: Script terminated by timeout at:
./node_modules/jquery/dist/jquery.js/</jQuery.fn.extend@http://localhost:9990/build/admin/admin-entry.js:3234:18
./node_modules/jquery/dist/jquery.js/</jQuery.fn.extend@http://localhost:9990/build/admin/admin-entry.js:3259:30
./node_modules/semantic-ui-css/components/dropdown.js/$.fn.dropdown/<@http://localhost:9990/build/admin/admin-entry.js:17411:15
each@http://localhost:9990/build/admin/admin-entry.js:3329:19
each@http://localhost:9990/build/admin/admin-entry.js:3151:17
./node_modules/semantic-ui-css/components/dropdown.js/$.fn.dropdown@http://localhost:9990/build/admin/admin-entry.js:17408:6
./vendor/sylius/sylius/src/Sylius/Bundle/UiBundle/Resources/private/js/app.js/<@http://localhost:9990/build/admin/admin-entry.js:1566:71
mightThrow@http://localhost:9990/build/admin/admin-entry.js:6425:29
./node_modules/jquery/dist/jquery.js/</Deferred/then/resolve/</process<@http://localhost:9990/build/admin/admin-entry.js:6493:12

JavaScript error: http://localhost:9990/build/admin/admin-entry.js, line 989: NS_ERROR_FAILURE: 
Dynamically enable window occlusion 1
