1726924613347	geckodriver	INFO	Listening on 127.0.0.1:58269
1726924616420	mozrunner::runner	INFO	Running command: "C:\\Program Files\\Mozilla Firefox\\firefox.exe" "--marionette" "--remote-debugging-port" "58270" "--remote-allow-hosts" "localhost" "-no-remote" "-profile" "C:\\Users\\pingu\\AppData\\Local\\Temp\\rust_mozprofilegZEKLT"
console.warn: services.settings: Ignoring preference override of remote settings server
console.warn: services.settings: Allow by setting MOZ_REMOTE_SETTINGS_DEVTOOLS=1 in the environment
Dynamically enable window occlusion 0
1726924616728	Marionette	INFO	Marionette enabled
1726924616867	Marionette	INFO	Listening on port 58277
WebDriver BiDi listening on ws://127.0.0.1:58270
Read port: 58277
1726924617029	RemoteAgent	WARN	TLS certificate errors will be ignored for this session
DevTools listening on ws://127.0.0.1:58270/devtools/browser/266eccb0-f075-432b-87ef-89244d3b372f
console.warn: LoginRecipes: "Falling back to a synchronous message for: http://localhost:9990."
console.warn: LoginRecipes: "Falling back to a synchronous message for: http://localhost:9990."
1726924621534	Marionette	INFO	Stopped listening on port 58277
JavaScript warning: http://localhost:9990/build/admin/admin-entry.js, line 6890: Script terminated by timeout at:
camelCase@http://localhost:9990/build/admin/admin-entry.js:6890:44
set@http://localhost:9990/build/admin/admin-entry.js:6954:11
./node_modules/jquery/dist/jquery.js/</data/</<@http://localhost:9990/build/admin/admin-entry.js:7218:14
each@http://localhost:9990/build/admin/admin-entry.js:3329:19
each@http://localhost:9990/build/admin/admin-entry.js:3151:17
./node_modules/jquery/dist/jquery.js/</data/<@http://localhost:9990/build/admin/admin-entry.js:7215:9
access@http://localhost:9990/build/admin/admin-entry.js:6841:8
data@http://localhost:9990/build/admin/admin-entry.js:7186:10
defaultText@http://localhost:9990/build/admin/admin-entry.js:19505:21
defaults@http://localhost:9990/build/admin/admin-entry.js:19489:25
initialize@http://localhost:9990/build/admin/admin-entry.js:17477:25
./node_modules/semantic-ui-css/components/dropdown.js/$.fn.dropdown/<@http://localhost:9990/build/admin/admin-entry.js:21055:16
each@http://localhost:9990/build/admin/admin-entry.js:3329:19
each@http://localhost:9990/build/admin/admin-entry.js:3151:17
./node_modules/semantic-ui-css/components/dropdown.js/$.fn.dropdown@http://localhost:9990/build/admin/admin-entry.js:17408:6
./vendor/sylius/sylius/src/Sylius/Bundle/UiBundle/Resources/private/js/app.js/<@http://localhost:9990/build/admin/admin-entry.js:1566:71
mightThrow@http://localhost:9990/build/admin/admin-entry.js:6425:29
./node_modules/jquery/dist/jquery.js/</Deferred/then/resolve/</process<@http://localhost:9990/build/admin/admin-entry.js:6493:12

JavaScript error: http://localhost:9990/build/admin/admin-entry.js, line 989: NS_ERROR_FAILURE: 
Dynamically enable window occlusion 1
