1726924073211	geckodriver	INFO	Listening on 127.0.0.1:57951
1726924076265	mozrunner::runner	INFO	Running command: "C:\\Program Files\\Mozilla Firefox\\firefox.exe" "--marionette" "--remote-debugging-port" "57952" "--remote-allow-hosts" "localhost" "-no-remote" "-profile" "C:\\Users\\pingu\\AppData\\Local\\Temp\\rust_mozprofileyjQoZF"
console.warn: services.settings: Ignoring preference override of remote settings server
console.warn: services.settings: Allow by setting MOZ_REMOTE_SETTINGS_DEVTOOLS=1 in the environment
Dynamically enable window occlusion 0
1726924076571	Marionette	INFO	Marionette enabled
1726924076729	Marionette	INFO	Listening on port 57959
WebDriver BiDi listening on ws://127.0.0.1:57952
Read port: 57959
1726924076871	RemoteAgent	WARN	TLS certificate errors will be ignored for this session
DevTools listening on ws://127.0.0.1:57952/devtools/browser/d84f02ef-fc90-4225-acd9-9c146898a8b4
console.warn: LoginRecipes: "Falling back to a synchronous message for: http://localhost:9990."
console.warn: LoginRecipes: "Falling back to a synchronous message for: http://localhost:9990."
1726924081332	Marionette	INFO	Stopped listening on port 57959
JavaScript warning: http://localhost:9990/build/admin/admin-entry.js, line 6890: Script terminated by timeout at:
camelCase@http://localhost:9990/build/admin/admin-entry.js:6890:44
set@http://localhost:9990/build/admin/admin-entry.js:6954:11
./node_modules/jquery/dist/jquery.js/</data/</<@http://localhost:9990/build/admin/admin-entry.js:7218:14
each@http://localhost:9990/build/admin/admin-entry.js:3329:19
each@http://localhost:9990/build/admin/admin-entry.js:3151:17
./node_modules/jquery/dist/jquery.js/</data/<@http://localhost:9990/build/admin/admin-entry.js:7215:9
access@http://localhost:9990/build/admin/admin-entry.js:6841:8
data@http://localhost:9990/build/admin/admin-entry.js:7186:10
instantiate@http://localhost:9990/build/admin/admin-entry.js:17493:14
initialize@http://localhost:9990/build/admin/admin-entry.js:17484:20
./node_modules/semantic-ui-css/components/dropdown.js/$.fn.dropdown/<@http://localhost:9990/build/admin/admin-entry.js:21055:16
each@http://localhost:9990/build/admin/admin-entry.js:3329:19
each@http://localhost:9990/build/admin/admin-entry.js:3151:17
./node_modules/semantic-ui-css/components/dropdown.js/$.fn.dropdown@http://localhost:9990/build/admin/admin-entry.js:17408:6
./vendor/sylius/sylius/src/Sylius/Bundle/UiBundle/Resources/private/js/app.js/<@http://localhost:9990/build/admin/admin-entry.js:1566:71
mightThrow@http://localhost:9990/build/admin/admin-entry.js:6425:29
./node_modules/jquery/dist/jquery.js/</Deferred/then/resolve/</process<@http://localhost:9990/build/admin/admin-entry.js:6493:12

JavaScript error: http://localhost:9990/build/admin/admin-entry.js, line 989: NS_ERROR_FAILURE: 
Dynamically enable window occlusion 1
