1726927654149	geckodriver	INFO	Listening on 127.0.0.1:62122
1726927657192	mozrunner::runner	INFO	Running command: "C:\\Program Files\\Mozilla Firefox\\firefox.exe" "--marionette" "--remote-debugging-port" "62123" "--remote-allow-hosts" "localhost" "-no-remote" "-profile" "C:\\Users\\pingu\\AppData\\Local\\Temp\\rust_mozprofileoawsrg"
console.warn: services.settings: Ignoring preference override of remote settings server
console.warn: services.settings: Allow by setting MOZ_REMOTE_SETTINGS_DEVTOOLS=1 in the environment
Dynamically enable window occlusion 0
1726927657477	Marionette	INFO	Marionette enabled
1726927657615	Marionette	INFO	Listening on port 62130
WebDriver BiDi listening on ws://127.0.0.1:62123
Read port: 62130
1726927657772	RemoteAgent	WARN	TLS certificate errors will be ignored for this session
DevTools listening on ws://127.0.0.1:62123/devtools/browser/02c9e958-fabb-4adc-8e1f-de41a2442fa7
console.warn: LoginRecipes: "Falling back to a synchronous message for: http://localhost:9990."
console.warn: LoginRecipes: "Falling back to a synchronous message for: http://localhost:9990."
1726927662189	Marionette	INFO	Stopped listening on port 62130
JavaScript warning: http://localhost:9990/build/admin/admin-entry.js, line 3150: Script terminated by timeout at:
each@http://localhost:9990/build/admin/admin-entry.js:3150:16
./node_modules/semantic-ui-css/components/api.js/$.fn.api@http://localhost:9990/build/admin/admin-entry.js:14365:6
taxonMoveUp@http://localhost:9990/build/admin/admin-entry.js:925:13
./vendor/sylius/sylius/src/Sylius/Bundle/AdminBundle/Resources/private/js/app.js/<@http://localhost:9990/build/admin/admin-entry.js:85:74
mightThrow@http://localhost:9990/build/admin/admin-entry.js:6425:29
./node_modules/jquery/dist/jquery.js/</Deferred/then/resolve/</process<@http://localhost:9990/build/admin/admin-entry.js:6493:12

Dynamically enable window occlusion 1
