1726928186498	geckodriver	INFO	Listening on 127.0.0.1:62811
1726928189571	mozrunner::runner	INFO	Running command: "C:\\Program Files\\Mozilla Firefox\\firefox.exe" "--marionette" "--remote-debugging-port" "62812" "--remote-allow-hosts" "localhost" "-no-remote" "-profile" "C:\\Users\\pingu\\AppData\\Local\\Temp\\rust_mozprofilepRoJOD"
console.warn: services.settings: Ignoring preference override of remote settings server
console.warn: services.settings: Allow by setting MOZ_REMOTE_SETTINGS_DEVTOOLS=1 in the environment
Dynamically enable window occlusion 0
1726928189875	Marionette	INFO	Marionette enabled
1726928190019	Marionette	INFO	Listening on port 62819
WebDriver BiDi listening on ws://127.0.0.1:62812
Read port: 62819
1726928190192	RemoteAgent	WARN	TLS certificate errors will be ignored for this session
DevTools listening on ws://127.0.0.1:62812/devtools/browser/ede516ac-e878-4204-b08d-f0d6b4ded5c8
console.warn: LoginRecipes: "Falling back to a synchronous message for: http://localhost:9990."
console.warn: LoginRecipes: "Falling back to a synchronous message for: http://localhost:9990."
1726928194962	Marionette	INFO	Stopped listening on port 62819
JavaScript warning: http://localhost:9990/build/admin/admin-entry.js, line 7892: Script terminated by timeout at:
add@http://localhost:9990/build/admin/admin-entry.js:7892:11
./node_modules/jquery/dist/jquery.js/</on/<@http://localhost:9990/build/admin/admin-entry.js:7833:16
each@http://localhost:9990/build/admin/admin-entry.js:3329:19
each@http://localhost:9990/build/admin/admin-entry.js:3151:17
on@http://localhost:9990/build/admin/admin-entry.js:7832:14
on@http://localhost:9990/build/admin/admin-entry.js:8672:10
./vendor/sylius/sylius/src/Sylius/Bundle/AdminBundle/Resources/private/js/app.js/<@http://localhost:9990/build/admin/admin-entry.js:138:57
mightThrow@http://localhost:9990/build/admin/admin-entry.js:6425:29
./node_modules/jquery/dist/jquery.js/</Deferred/then/resolve/</process<@http://localhost:9990/build/admin/admin-entry.js:6493:12

Dynamically enable window occlusion 1
