1726923274872	geckodriver	INFO	Listening on 127.0.0.1:57483
1726923277940	mozrunner::runner	INFO	Running command: "C:\\Program Files\\Mozilla Firefox\\firefox.exe" "--marionette" "--remote-debugging-port" "57484" "--remote-allow-hosts" "localhost" "-no-remote" "-profile" "C:\\Users\\pingu\\AppData\\Local\\Temp\\rust_mozprofileqczNNX"
console.warn: services.settings: Ignoring preference override of remote settings server
console.warn: services.settings: Allow by setting MOZ_REMOTE_SETTINGS_DEVTOOLS=1 in the environment
Dynamically enable window occlusion 0
1726923278245	Marionette	INFO	Marionette enabled
1726923278382	Marionette	INFO	Listening on port 57491
WebDriver BiDi listening on ws://127.0.0.1:57484
Read port: 57491
1726923278534	RemoteAgent	WARN	TLS certificate errors will be ignored for this session
DevTools listening on ws://127.0.0.1:57484/devtools/browser/9b206b4b-363e-4e27-9b57-08f35a407909
console.warn: LoginRecipes: "Falling back to a synchronous message for: http://localhost:9990."
console.warn: LoginRecipes: "Falling back to a synchronous message for: http://localhost:9990."
1726923283140	Marionette	INFO	Stopped listening on port 57491
JavaScript warning: http://localhost:9990/build/admin/admin-entry.js, line 42359: Script terminated by timeout at:
drawLabels@http://localhost:9990/build/admin/admin-entry.js:42359:38
draw@http://localhost:9990/build/admin/admin-entry.js:42438:14
draw@http://localhost:9990/build/admin/admin-entry.js:44456:17
./node_modules/chart.js/dist/chart.mjs/_update/<@http://localhost:9990/build/admin/admin-entry.js:38680:15
_update@http://localhost:9990/build/admin/admin-entry.js:38658:18
./node_modules/chart.js/dist/chart.mjs/_refresh/this._request<@http://localhost:9990/build/admin/admin-entry.js:38649:12

Dynamically enable window occlusion 1
