1726926838530	geckodriver	INFO	Listening on 127.0.0.1:60821
1726926841600	mozrunner::runner	INFO	Running command: "C:\\Program Files\\Mozilla Firefox\\firefox.exe" "--marionette" "--remote-debugging-port" "60822" "--remote-allow-hosts" "localhost" "-no-remote" "-profile" "C:\\Users\\pingu\\AppData\\Local\\Temp\\rust_mozprofileG6KUhx"
console.warn: services.settings: Ignoring preference override of remote settings server
console.warn: services.settings: Allow by setting MOZ_REMOTE_SETTINGS_DEVTOOLS=1 in the environment
Dynamically enable window occlusion 0
1726926841947	Marionette	INFO	Marionette enabled
1726926842108	Marionette	INFO	Listening on port 60830
WebDriver BiDi listening on ws://127.0.0.1:60822
Read port: 60830
1726926842288	RemoteAgent	WARN	TLS certificate errors will be ignored for this session
DevTools listening on ws://127.0.0.1:60822/devtools/browser/5166010d-29ef-4af0-9654-4eb54e96a502
console.warn: LoginRecipes: "Falling back to a synchronous message for: http://localhost:9990."
console.warn: LoginRecipes: "Falling back to a synchronous message for: http://localhost:9990."
1726926850236	Marionette	INFO	Stopped listening on port 60830
JavaScript warning: http://localhost:9990/build/admin/admin-entry.js, line 11073: Script terminated by timeout at:
stripAndCollapse@http://localhost:9990/build/admin/admin-entry.js:11073:22
hasClass@http://localhost:9990/build/admin/admin-entry.js:11241:13
dirty@http://localhost:9990/build/admin/admin-entry.js:2500:29
./node_modules/jquery/dist/jquery.js/</elementMatcher/<@http://localhost:9990/build/admin/admin-entry.js:5172:24
superMatcher@http://localhost:9990/build/admin/admin-entry.js:5422:19
select@http://localhost:9990/build/admin/admin-entry.js:5610:44
find@http://localhost:9990/build/admin/admin-entry.js:3880:9
find@http://localhost:9990/build/admin/admin-entry.js:5758:11
setDirtyStatus@http://localhost:9990/build/admin/admin-entry.js:2787:73
setFieldStatus@http://localhost:9990/build/admin/admin-entry.js:2776:27
onFieldChange@http://localhost:9990/build/admin/admin-entry.js:2632:31
dispatch@http://localhost:9990/build/admin/admin-entry.js:8081:27
./node_modules/jquery/dist/jquery.js/</add/elemData.handle@http://localhost:9990/build/admin/admin-entry.js:7885:28

Dynamically enable window occlusion 1
