1726929390777	geckodriver	INFO	Listening on 127.0.0.1:64913
1726929393830	mozrunner::runner	INFO	Running command: "C:\\Program Files\\Mozilla Firefox\\firefox.exe" "--marionette" "--remote-debugging-port" "64914" "--remote-allow-hosts" "localhost" "-no-remote" "-profile" "C:\\Users\\pingu\\AppData\\Local\\Temp\\rust_mozprofileT4bxAO"
console.warn: services.settings: Ignoring preference override of remote settings server
console.warn: services.settings: Allow by setting MOZ_REMOTE_SETTINGS_DEVTOOLS=1 in the environment
Dynamically enable window occlusion 0
1726929394203	Marionette	INFO	Marionette enabled
1726929394348	Marionette	INFO	Listening on port 64921
WebDriver BiDi listening on ws://127.0.0.1:64914
Read port: 64921
1726929394492	RemoteAgent	WARN	TLS certificate errors will be ignored for this session
DevTools listening on ws://127.0.0.1:64914/devtools/browser/ff73fcbf-e91a-4403-a243-895f09a0a1ce
console.warn: LoginRecipes: "Falling back to a synchronous message for: http://localhost:9990."
console.warn: LoginRecipes: "Falling back to a synchronous message for: http://localhost:9990."
1726929399395	Marionette	INFO	Stopped listening on port 64921
JavaScript warning: http://localhost:9990/build/admin/admin-entry.js, line 10837: Script terminated by timeout at:
attr@http://localhost:9990/build/admin/admin-entry.js:10837:30
access@http://localhost:9990/build/admin/admin-entry.js:6855:7
attr@http://localhost:9990/build/admin/admin-entry.js:10808:10
tabbable@http://localhost:9990/build/admin/admin-entry.js:19644:20
layout@http://localhost:9990/build/admin/admin-entry.js:17704:26
initialize@http://localhost:9990/build/admin/admin-entry.js:17469:26
./node_modules/semantic-ui-css/components/dropdown.js/$.fn.dropdown/<@http://localhost:9990/build/admin/admin-entry.js:21055:16
each@http://localhost:9990/build/admin/admin-entry.js:3329:19
each@http://localhost:9990/build/admin/admin-entry.js:3151:17
./node_modules/semantic-ui-css/components/dropdown.js/$.fn.dropdown@http://localhost:9990/build/admin/admin-entry.js:17408:6
./vendor/sylius/sylius/src/Sylius/Bundle/UiBundle/Resources/private/js/app.js/<@http://localhost:9990/build/admin/admin-entry.js:1566:71
mightThrow@http://localhost:9990/build/admin/admin-entry.js:6425:29
./node_modules/jquery/dist/jquery.js/</Deferred/then/resolve/</process<@http://localhost:9990/build/admin/admin-entry.js:6493:12

JavaScript error: http://localhost:9990/build/admin/admin-entry.js, line 989: NS_ERROR_FAILURE: 
Dynamically enable window occlusion 1
