1726923451913	geckodriver	INFO	Listening on 127.0.0.1:57579
1726923454967	mozrunner::runner	INFO	Running command: "C:\\Program Files\\Mozilla Firefox\\firefox.exe" "--marionette" "--remote-debugging-port" "57580" "--remote-allow-hosts" "localhost" "-no-remote" "-profile" "C:\\Users\\pingu\\AppData\\Local\\Temp\\rust_mozprofileNNq4JT"
console.warn: services.settings: Ignoring preference override of remote settings server
console.warn: services.settings: Allow by setting MOZ_REMOTE_SETTINGS_DEVTOOLS=1 in the environment
Dynamically enable window occlusion 0
1726923455263	Marionette	INFO	Marionette enabled
1726923455401	Marionette	INFO	Listening on port 57588
WebDriver BiDi listening on ws://127.0.0.1:57580
Read port: 57588
1726923455548	RemoteAgent	WARN	TLS certificate errors will be ignored for this session
DevTools listening on ws://127.0.0.1:57580/devtools/browser/c9739cea-39b3-4adf-9884-9e60c306ef4f
console.warn: LoginRecipes: "Falling back to a synchronous message for: http://localhost:9990."
console.warn: LoginRecipes: "Falling back to a synchronous message for: http://localhost:9990."
1726923460042	Marionette	INFO	Stopped listening on port 57588
JavaScript warning: http://localhost:9990/build/admin/admin-entry.js, line 7895: Script terminated by timeout at:
add@http://localhost:9990/build/admin/admin-entry.js:7895:36
./node_modules/jquery/dist/jquery.js/</on/<@http://localhost:9990/build/admin/admin-entry.js:7833:16
each@http://localhost:9990/build/admin/admin-entry.js:3329:19
each@http://localhost:9990/build/admin/admin-entry.js:3151:17
on@http://localhost:9990/build/admin/admin-entry.js:7832:14
on@http://localhost:9990/build/admin/admin-entry.js:8672:10
mouseEvents@http://localhost:9990/build/admin/admin-entry.js:17991:18
events@http://localhost:9990/build/admin/admin-entry.js:17909:25
initialize@http://localhost:9990/build/admin/admin-entry.js:17481:25
./node_modules/semantic-ui-css/components/dropdown.js/$.fn.dropdown/<@http://localhost:9990/build/admin/admin-entry.js:21055:16
each@http://localhost:9990/build/admin/admin-entry.js:3329:19
each@http://localhost:9990/build/admin/admin-entry.js:3151:17
./node_modules/semantic-ui-css/components/dropdown.js/$.fn.dropdown@http://localhost:9990/build/admin/admin-entry.js:17408:6
./vendor/sylius/sylius/src/Sylius/Bundle/UiBundle/Resources/private/js/app.js/<@http://localhost:9990/build/admin/admin-entry.js:1566:71
mightThrow@http://localhost:9990/build/admin/admin-entry.js:6425:29
./node_modules/jquery/dist/jquery.js/</Deferred/then/resolve/</process<@http://localhost:9990/build/admin/admin-entry.js:6493:12

JavaScript error: http://localhost:9990/build/admin/admin-entry.js, line 989: NS_ERROR_FAILURE: 
Dynamically enable window occlusion 1
