1726853464037	geckodriver	INFO	Listening on 127.0.0.1:51415
1726853467106	mozrunner::runner	INFO	Running command: "C:\\Program Files\\Mozilla Firefox\\firefox.exe" "--marionette" "--remote-debugging-port" "51416" "--remote-allow-hosts" "localhost" "-no-remote" "-profile" "C:\\Users\\pingu\\AppData\\Local\\Temp\\rust_mozprofileQJ7Uut"
console.warn: services.settings: Ignoring preference override of remote settings server
console.warn: services.settings: Allow by setting MOZ_REMOTE_SETTINGS_DEVTOOLS=1 in the environment
Dynamically enable window occlusion 0
1726853467438	Marionette	INFO	Marionette enabled
1726853467580	Marionette	INFO	Listening on port 51423
WebDriver BiDi listening on ws://127.0.0.1:51416
Read port: 51423
1726853467730	RemoteAgent	WARN	TLS certificate errors will be ignored for this session
DevTools listening on ws://127.0.0.1:51416/devtools/browser/49ce307e-5383-42dc-bef7-eca45ede7661
1726853498152	Marionette	INFO	Stopped listening on port 51423
Dynamically enable window occlusion 1
console.warn: services.settings: main/translations-models sync interrupted by shutdown
console.warn: services.settings: main/devtools-compatibility-browsers sync interrupted by shutdown
console.warn: services.settings: main/normandy-recipes-capabilities sync interrupted by shutdown
console.warn: services.settings: main/search-config-v2 sync interrupted by shutdown
console.warn: services.settings: main/search-telemetry-v2 sync interrupted by shutdown
console.warn: services.settings: main/cookie-banner-rules-list sync interrupted by shutdown
console.warn: services.settings: main/search-config-icons sync interrupted by shutdown
console.warn: services.settings: main/urlbar-persisted-search-terms sync interrupted by shutdown
console.warn: services.settings: main/url-classifier-skip-urls sync interrupted by shutdown
console.error: (new AbortError("IndexedDB: main/ms-language-packs getLastModified() IndexedDB:  execute() A request was aborted, for example through a call to IDBTransaction.abort.", "resource://services-settings/IDBHelpers.sys.mjs", 16))
