1726924739958	geckodriver	INFO	Listening on 127.0.0.1:58434
1726924743009	mozrunner::runner	INFO	Running command: "C:\\Program Files\\Mozilla Firefox\\firefox.exe" "--marionette" "--remote-debugging-port" "58435" "--remote-allow-hosts" "localhost" "-no-remote" "-profile" "C:\\Users\\pingu\\AppData\\Local\\Temp\\rust_mozprofileALraWI"
console.warn: services.settings: Ignoring preference override of remote settings server
console.warn: services.settings: Allow by setting MOZ_REMOTE_SETTINGS_DEVTOOLS=1 in the environment
Dynamically enable window occlusion 0
1726924743307	Marionette	INFO	Marionette enabled
1726924743448	Marionette	INFO	Listening on port 58442
WebDriver BiDi listening on ws://127.0.0.1:58435
Read port: 58442
1726924743595	RemoteAgent	WARN	TLS certificate errors will be ignored for this session
DevTools listening on ws://127.0.0.1:58435/devtools/browser/d73fd3bb-aa9e-4c13-94e6-9d66a7fe2e61
console.warn: LoginRecipes: "Falling back to a synchronous message for: http://localhost:9990."
console.warn: LoginRecipes: "Falling back to a synchronous message for: http://localhost:9990."
1726924748010	Marionette	INFO	Stopped listening on port 58442
JavaScript warning: http://localhost:9990/build/admin/admin-entry.js, line 20910: Script terminated by timeout at:
debug@http://localhost:9990/build/admin/admin-entry.js:20910:24
initialize@http://localhost:9990/build/admin/admin-entry.js:17462:18
./node_modules/semantic-ui-css/components/dropdown.js/$.fn.dropdown/<@http://localhost:9990/build/admin/admin-entry.js:21055:16
each@http://localhost:9990/build/admin/admin-entry.js:3329:19
each@http://localhost:9990/build/admin/admin-entry.js:3151:17
./node_modules/semantic-ui-css/components/dropdown.js/$.fn.dropdown@http://localhost:9990/build/admin/admin-entry.js:17408:6
./vendor/sylius/sylius/src/Sylius/Bundle/UiBundle/Resources/private/js/app.js/<@http://localhost:9990/build/admin/admin-entry.js:1566:71
mightThrow@http://localhost:9990/build/admin/admin-entry.js:6425:29
./node_modules/jquery/dist/jquery.js/</Deferred/then/resolve/</process<@http://localhost:9990/build/admin/admin-entry.js:6493:12

JavaScript error: http://localhost:9990/build/admin/admin-entry.js, line 989: NS_ERROR_FAILURE: 
Dynamically enable window occlusion 1
