1726927027691	geckodriver	INFO	Listening on 127.0.0.1:61011
1726927030761	mozrunner::runner	INFO	Running command: "C:\\Program Files\\Mozilla Firefox\\firefox.exe" "--marionette" "--remote-debugging-port" "61012" "--remote-allow-hosts" "localhost" "-no-remote" "-profile" "C:\\Users\\pingu\\AppData\\Local\\Temp\\rust_mozprofileJrkXVj"
console.warn: services.settings: Ignoring preference override of remote settings server
console.warn: services.settings: Allow by setting MOZ_REMOTE_SETTINGS_DEVTOOLS=1 in the environment
Dynamically enable window occlusion 0
1726927031074	Marionette	INFO	Marionette enabled
1726927031230	Marionette	INFO	Listening on port 61019
WebDriver BiDi listening on ws://127.0.0.1:61012
Read port: 61019
1726927031404	RemoteAgent	WARN	TLS certificate errors will be ignored for this session
DevTools listening on ws://127.0.0.1:61012/devtools/browser/396f076d-74fe-4c5c-9951-89693e8bce72
console.warn: LoginRecipes: "Falling back to a synchronous message for: http://localhost:9990."
console.warn: LoginRecipes: "Falling back to a synchronous message for: http://localhost:9990."
1726927035891	Marionette	INFO	Stopped listening on port 61019
JavaScript warning: http://localhost:9990/build/admin/admin-entry.js, line 5796: Script terminated by timeout at:
./node_modules/jquery/dist/jquery.js/</jQuery.fn.init@http://localhost:9990/build/admin/admin-entry.js:5796:34
jQuery@http://localhost:9990/build/admin/admin-entry.js:3105:10
taxonSlugGenerator@http://localhost:9990/build/admin/admin-entry.js:1396:50
./vendor/sylius/sylius/src/Sylius/Bundle/AdminBundle/Resources/private/js/app.js/<@http://localhost:9990/build/admin/admin-entry.js:128:59
mightThrow@http://localhost:9990/build/admin/admin-entry.js:6425:29
./node_modules/jquery/dist/jquery.js/</Deferred/then/resolve/</process<@http://localhost:9990/build/admin/admin-entry.js:6493:12

Dynamically enable window occlusion 1
