1726923259431	geckodriver	INFO	Listening on 127.0.0.1:57436
1726923262468	mozrunner::runner	INFO	Running command: "C:\\Program Files\\Mozilla Firefox\\firefox.exe" "--marionette" "--remote-debugging-port" "57437" "--remote-allow-hosts" "localhost" "-no-remote" "-profile" "C:\\Users\\pingu\\AppData\\Local\\Temp\\rust_mozprofile0AAvrl"
console.warn: services.settings: Ignoring preference override of remote settings server
console.warn: services.settings: Allow by setting MOZ_REMOTE_SETTINGS_DEVTOOLS=1 in the environment
Dynamically enable window occlusion 0
1726923262768	Marionette	INFO	Marionette enabled
1726923262907	Marionette	INFO	Listening on port 57444
WebDriver BiDi listening on ws://127.0.0.1:57437
Read port: 57444
1726923263054	RemoteAgent	WARN	TLS certificate errors will be ignored for this session
DevTools listening on ws://127.0.0.1:57437/devtools/browser/438ccc25-f16e-4a29-98a6-3fb74584d191
console.warn: LoginRecipes: "Falling back to a synchronous message for: http://localhost:9990."
console.warn: LoginRecipes: "Falling back to a synchronous message for: http://localhost:9990."
1726923267577	Marionette	INFO	Stopped listening on port 57444
JavaScript warning: http://localhost:9990/build/admin/admin-entry.js, line 7845: Script terminated by timeout at:
add@http://localhost:9990/build/admin/admin-entry.js:7845:15
./node_modules/jquery/dist/jquery.js/</on/<@http://localhost:9990/build/admin/admin-entry.js:7833:16
each@http://localhost:9990/build/admin/admin-entry.js:3329:19
each@http://localhost:9990/build/admin/admin-entry.js:3151:17
on@http://localhost:9990/build/admin/admin-entry.js:7832:14
on@http://localhost:9990/build/admin/admin-entry.js:8672:10
mouseEvents@http://localhost:9990/build/admin/admin-entry.js:18003:20
events@http://localhost:9990/build/admin/admin-entry.js:17909:25
initialize@http://localhost:9990/build/admin/admin-entry.js:17481:25
./node_modules/semantic-ui-css/components/dropdown.js/$.fn.dropdown/<@http://localhost:9990/build/admin/admin-entry.js:21055:16
each@http://localhost:9990/build/admin/admin-entry.js:3329:19
each@http://localhost:9990/build/admin/admin-entry.js:3151:17
./node_modules/semantic-ui-css/components/dropdown.js/$.fn.dropdown@http://localhost:9990/build/admin/admin-entry.js:17408:6
./vendor/sylius/sylius/src/Sylius/Bundle/UiBundle/Resources/private/js/app.js/<@http://localhost:9990/build/admin/admin-entry.js:1566:71
mightThrow@http://localhost:9990/build/admin/admin-entry.js:6425:29
./node_modules/jquery/dist/jquery.js/</Deferred/then/resolve/</process<@http://localhost:9990/build/admin/admin-entry.js:6493:12

JavaScript error: http://localhost:9990/build/admin/admin-entry.js, line 989: NS_ERROR_FAILURE: 
Dynamically enable window occlusion 1
