1726928788552	geckodriver	INFO	Listening on 127.0.0.1:63848
1726928791605	mozrunner::runner	INFO	Running command: "C:\\Program Files\\Mozilla Firefox\\firefox.exe" "--marionette" "--remote-debugging-port" "63849" "--remote-allow-hosts" "localhost" "-no-remote" "-profile" "C:\\Users\\pingu\\AppData\\Local\\Temp\\rust_mozprofilePXhfJO"
console.warn: services.settings: Ignoring preference override of remote settings server
console.warn: services.settings: Allow by setting MOZ_REMOTE_SETTINGS_DEVTOOLS=1 in the environment
Dynamically enable window occlusion 0
1726928791963	Marionette	INFO	Marionette enabled
1726928792114	Marionette	INFO	Listening on port 63856
WebDriver BiDi listening on ws://127.0.0.1:63849
Read port: 63856
1726928792311	RemoteAgent	WARN	TLS certificate errors will be ignored for this session
DevTools listening on ws://127.0.0.1:63849/devtools/browser/8f527e61-459c-4766-b1a0-180e15e16a24
console.warn: LoginRecipes: "Falling back to a synchronous message for: http://localhost:9990."
console.warn: LoginRecipes: "Falling back to a synchronous message for: http://localhost:9990."
1726928797116	Marionette	INFO	Stopped listening on port 63856
JavaScript warning: http://localhost:9990/build/admin/admin-entry.js, line 52172: Script terminated by timeout at:
__webpack_require__.n/getter<@http://localhost:9990/build/admin/admin-entry.js:52172:21
./vendor/sylius/sylius/src/Sylius/Bundle/AdminBundle/Resources/private/js/app.js/<@http://localhost:9990/build/admin/admin-entry.js:71:3
mightThrow@http://localhost:9990/build/admin/admin-entry.js:6425:29
./node_modules/jquery/dist/jquery.js/</Deferred/then/resolve/</process<@http://localhost:9990/build/admin/admin-entry.js:6493:12

Dynamically enable window occlusion 1
