1726926280927	geckodriver	INFO	Listening on 127.0.0.1:60022
1726926283990	mozrunner::runner	INFO	Running command: "C:\\Program Files\\Mozilla Firefox\\firefox.exe" "--marionette" "--remote-debugging-port" "60023" "--remote-allow-hosts" "localhost" "-no-remote" "-profile" "C:\\Users\\pingu\\AppData\\Local\\Temp\\rust_mozprofiled4DeZC"
console.warn: services.settings: Ignoring preference override of remote settings server
console.warn: services.settings: Allow by setting MOZ_REMOTE_SETTINGS_DEVTOOLS=1 in the environment
Dynamically enable window occlusion 0
1726926284292	Marionette	INFO	Marionette enabled
1726926284451	Marionette	INFO	Listening on port 60030
WebDriver BiDi listening on ws://127.0.0.1:60023
Read port: 60030
1726926284593	RemoteAgent	WARN	TLS certificate errors will be ignored for this session
DevTools listening on ws://127.0.0.1:60023/devtools/browser/78d150e9-3577-4694-9c98-a5bd7a230915
console.warn: LoginRecipes: "Falling back to a synchronous message for: http://localhost:9990."
console.warn: LoginRecipes: "Falling back to a synchronous message for: http://localhost:9990."
1726926289078	Marionette	INFO	Stopped listening on port 60030
JavaScript warning: http://localhost:9990/build/admin/admin-entry.js, line 11562: Script terminated by timeout at:
trigger@http://localhost:9990/build/admin/admin-entry.js:11562:24
ajax@http://localhost:9990/build/admin/admin-entry.js:12340:17
getLatestSyliusVersion@http://localhost:9990/build/admin/admin-entry.js:1011:53
isLatest@http://localhost:9990/build/admin/admin-entry.js:1027:44
updateNotification@http://localhost:9990/build/admin/admin-entry.js:1043:11
notification@http://localhost:9990/build/admin/admin-entry.js:1053:5
./vendor/sylius/sylius/src/Sylius/Bundle/AdminBundle/Resources/private/js/app.js/<@http://localhost:9990/build/admin/admin-entry.js:126:59
mightThrow@http://localhost:9990/build/admin/admin-entry.js:6425:29
./node_modules/jquery/dist/jquery.js/</Deferred/then/resolve/</process<@http://localhost:9990/build/admin/admin-entry.js:6493:12

Dynamically enable window occlusion 1
