1726927473955	geckodriver	INFO	Listening on 127.0.0.1:62018
1726927477017	mozrunner::runner	INFO	Running command: "C:\\Program Files\\Mozilla Firefox\\firefox.exe" "--marionette" "--remote-debugging-port" "62019" "--remote-allow-hosts" "localhost" "-no-remote" "-profile" "C:\\Users\\pingu\\AppData\\Local\\Temp\\rust_mozprofile3Am0pY"
console.warn: services.settings: Ignoring preference override of remote settings server
console.warn: services.settings: Allow by setting MOZ_REMOTE_SETTINGS_DEVTOOLS=1 in the environment
Dynamically enable window occlusion 0
1726927477357	Marionette	INFO	Marionette enabled
1726927477496	Marionette	INFO	Listening on port 62026
WebDriver BiDi listening on ws://127.0.0.1:62019
Read port: 62026
1726927477664	RemoteAgent	WARN	TLS certificate errors will be ignored for this session
DevTools listening on ws://127.0.0.1:62019/devtools/browser/9115f544-e0f1-4eea-a7c3-0a8b6a4aa43b
console.warn: LoginRecipes: "Falling back to a synchronous message for: http://localhost:9990."
console.warn: LoginRecipes: "Falling back to a synchronous message for: http://localhost:9990."
1726927482134	Marionette	INFO	Stopped listening on port 62026
JavaScript warning: http://localhost:9990/build/admin/admin-entry.js, line 5757: Script terminated by timeout at:
find@http://localhost:9990/build/admin/admin-entry.js:5757:16
choiceText@http://localhost:9990/build/admin/admin-entry.js:19176:26
./node_modules/semantic-ui-css/components/dropdown.js/$.fn.dropdown/</item/<@http://localhost:9990/build/admin/admin-entry.js:19314:48
each@http://localhost:9990/build/admin/admin-entry.js:3329:19
each@http://localhost:9990/build/admin/admin-entry.js:3151:17
item@http://localhost:9990/build/admin/admin-entry.js:19311:18
selected@http://localhost:9990/build/admin/admin-entry.js:19896:45
values@http://localhost:9990/build/admin/admin-entry.js:19446:26
selected@http://localhost:9990/build/admin/admin-entry.js:19430:28
initialize@http://localhost:9990/build/admin/admin-entry.js:17478:28
./node_modules/semantic-ui-css/components/dropdown.js/$.fn.dropdown/<@http://localhost:9990/build/admin/admin-entry.js:21055:16
each@http://localhost:9990/build/admin/admin-entry.js:3329:19
each@http://localhost:9990/build/admin/admin-entry.js:3151:17
./node_modules/semantic-ui-css/components/dropdown.js/$.fn.dropdown@http://localhost:9990/build/admin/admin-entry.js:17408:6
./vendor/sylius/sylius/src/Sylius/Bundle/UiBundle/Resources/private/js/app.js/<@http://localhost:9990/build/admin/admin-entry.js:1566:71
mightThrow@http://localhost:9990/build/admin/admin-entry.js:6425:29
./node_modules/jquery/dist/jquery.js/</Deferred/then/resolve/</process<@http://localhost:9990/build/admin/admin-entry.js:6493:12

JavaScript error: http://localhost:9990/build/admin/admin-entry.js, line 989: NS_ERROR_FAILURE: 
Dynamically enable window occlusion 1
