1726925472786	geckodriver	INFO	Listening on 127.0.0.1:58690
1726925475840	mozrunner::runner	INFO	Running command: "C:\\Program Files\\Mozilla Firefox\\firefox.exe" "--marionette" "--remote-debugging-port" "58691" "--remote-allow-hosts" "localhost" "-no-remote" "-profile" "C:\\Users\\pingu\\AppData\\Local\\Temp\\rust_mozprofilepvHLq5"
console.warn: services.settings: Ignoring preference override of remote settings server
console.warn: services.settings: Allow by setting MOZ_REMOTE_SETTINGS_DEVTOOLS=1 in the environment
Dynamically enable window occlusion 0
1726925476135	Marionette	INFO	Marionette enabled
1726925476271	Marionette	INFO	Listening on port 58700
WebDriver BiDi listening on ws://127.0.0.1:58691
Read port: 58700
1726925476417	RemoteAgent	WARN	TLS certificate errors will be ignored for this session
DevTools listening on ws://127.0.0.1:58691/devtools/browser/82c33b19-be8c-4013-84a6-4d1305e46f3a
console.warn: LoginRecipes: "Falling back to a synchronous message for: http://localhost:9990."
console.warn: LoginRecipes: "Falling back to a synchronous message for: http://localhost:9990."
1726925480892	Marionette	INFO	Stopped listening on port 58700
JavaScript warning: http://localhost:9990/build/admin/admin-entry.js, line 5796: Script terminated by timeout at:
./node_modules/jquery/dist/jquery.js/</jQuery.fn.init@http://localhost:9990/build/admin/admin-entry.js:5796:34
jQuery@http://localhost:9990/build/admin/admin-entry.js:3105:10
pushStack@http://localhost:9990/build/admin/admin-entry.js:3140:32
find@http://localhost:9990/build/admin/admin-entry.js:5755:14
./node_modules/jquery/dist/jquery.js/</jQuery.fn.init@http://localhost:9990/build/admin/admin-entry.js:5868:32
jQuery@http://localhost:9990/build/admin/admin-entry.js:3105:10
./vendor/sylius/sylius/src/Sylius/Bundle/UiBundle/Resources/private/js/app.js/<@http://localhost:9990/build/admin/admin-entry.js:1573:48
mightThrow@http://localhost:9990/build/admin/admin-entry.js:6425:29
./node_modules/jquery/dist/jquery.js/</Deferred/then/resolve/</process<@http://localhost:9990/build/admin/admin-entry.js:6493:12

JavaScript error: http://localhost:9990/build/admin/admin-entry.js, line 989: NS_ERROR_FAILURE: 
Dynamically enable window occlusion 1
