1726927513830	geckodriver	INFO	Listening on 127.0.0.1:62068
1726927516887	mozrunner::runner	INFO	Running command: "C:\\Program Files\\Mozilla Firefox\\firefox.exe" "--marionette" "--remote-debugging-port" "62069" "--remote-allow-hosts" "localhost" "-no-remote" "-profile" "C:\\Users\\pingu\\AppData\\Local\\Temp\\rust_mozprofileKRTWqn"
console.warn: services.settings: Ignoring preference override of remote settings server
console.warn: services.settings: Allow by setting MOZ_REMOTE_SETTINGS_DEVTOOLS=1 in the environment
Dynamically enable window occlusion 0
1726927517234	Marionette	INFO	Marionette enabled
1726927517377	Marionette	INFO	Listening on port 62076
WebDriver BiDi listening on ws://127.0.0.1:62069
Read port: 62076
1726927517510	RemoteAgent	WARN	TLS certificate errors will be ignored for this session
DevTools listening on ws://127.0.0.1:62069/devtools/browser/4184777d-c83e-49a2-b9fd-34c1634c9c7c
console.warn: LoginRecipes: "Falling back to a synchronous message for: http://localhost:9990."
console.warn: LoginRecipes: "Falling back to a synchronous message for: http://localhost:9990."
1726927521996	Marionette	INFO	Stopped listening on port 62076
JavaScript warning: http://localhost:9990/build/admin/admin-entry.js, line 5026: Script terminated by timeout at:
tokenize@http://localhost:9990/build/admin/admin-entry.js:5026:12
select@http://localhost:9990/build/admin/admin-entry.js:5548:20
find@http://localhost:9990/build/admin/admin-entry.js:3880:9
find@http://localhost:9990/build/admin/admin-entry.js:5758:11
./node_modules/semantic-ui-css/components/dropdown.js/$.fn.dropdown/<@http://localhost:9990/build/admin/admin-entry.js:17434:35
each@http://localhost:9990/build/admin/admin-entry.js:3329:19
each@http://localhost:9990/build/admin/admin-entry.js:3151:17
./node_modules/semantic-ui-css/components/dropdown.js/$.fn.dropdown@http://localhost:9990/build/admin/admin-entry.js:17408:6
./vendor/sylius/sylius/src/Sylius/Bundle/UiBundle/Resources/private/js/app.js/<@http://localhost:9990/build/admin/admin-entry.js:1566:71
mightThrow@http://localhost:9990/build/admin/admin-entry.js:6425:29
./node_modules/jquery/dist/jquery.js/</Deferred/then/resolve/</process<@http://localhost:9990/build/admin/admin-entry.js:6493:12

JavaScript error: http://localhost:9990/build/admin/admin-entry.js, line 989: NS_ERROR_FAILURE: 
Dynamically enable window occlusion 1
