1726926507778	geckodriver	INFO	Listening on 127.0.0.1:60249
1726926510829	mozrunner::runner	INFO	Running command: "C:\\Program Files\\Mozilla Firefox\\firefox.exe" "--marionette" "--remote-debugging-port" "60250" "--remote-allow-hosts" "localhost" "-no-remote" "-profile" "C:\\Users\\pingu\\AppData\\Local\\Temp\\rust_mozprofileMBkDEO"
console.warn: services.settings: Ignoring preference override of remote settings server
console.warn: services.settings: Allow by setting MOZ_REMOTE_SETTINGS_DEVTOOLS=1 in the environment
Dynamically enable window occlusion 0
1726926511188	Marionette	INFO	Marionette enabled
1726926511528	Marionette	INFO	Listening on port 60259
Read port: 60259
WebDriver BiDi listening on ws://127.0.0.1:60250
1726926511612	RemoteAgent	WARN	TLS certificate errors will be ignored for this session
DevTools listening on ws://127.0.0.1:60250/devtools/browser/241dd2ac-a771-48d6-b55a-5b6173a56fab
console.warn: LoginRecipes: "Falling back to a synchronous message for: http://localhost:9990."
console.warn: LoginRecipes: "Falling back to a synchronous message for: http://localhost:9990."
1726926516743	Marionette	INFO	Stopped listening on port 60259
JavaScript warning: http://localhost:9990/build/admin/admin-entry.js, line 3105: Script terminated by timeout at:
jQuery@http://localhost:9990/build/admin/admin-entry.js:3105:3
./vendor/sylius/sylius/src/Sylius/Bundle/AdminBundle/Resources/private/js/app.js/<@http://localhost:9990/build/admin/admin-entry.js:102:48
mightThrow@http://localhost:9990/build/admin/admin-entry.js:6425:29
./node_modules/jquery/dist/jquery.js/</Deferred/then/resolve/</process<@http://localhost:9990/build/admin/admin-entry.js:6493:12

Dynamically enable window occlusion 1
